[    45.709] (WW) Failed to open protocol names file lib/xorg/protocol.txt
[    45.710] 
X.Org X Server 1.20.6
X Protocol Version 11, Revision 0
[    45.710] Build Operating System: Linux Arch Linux
[    45.710] Current Operating System: Linux prime 5.4.7-arch1-1 #1 SMP PREEMPT Tue, 31 Dec 2019 17:20:16 +0000 x86_64
[    45.710] Kernel command line: BOOT_IMAGE=/vmlinuz-linux root=UUID=5d6c405b-8aa2-4729-bad5-4750fb53fa66 rw loglevel=3 quiet
[    45.711] Build Date: 04 January 2020  10:10:25AM
[    45.711]  
[    45.711] Current version of pixman: 0.38.4
[    45.711] 	Before reporting problems, check http://wiki.x.org
	to make sure that you have the latest version.
[    45.711] Markers: (--) probed, (**) from config file, (==) default setting,
	(++) from command line, (!!) notice, (II) informational,
	(WW) warning, (EE) error, (NI) not implemented, (??) unknown.
[    45.712] (==) Log file: "/home/leon/.local/share/xorg/Xorg.0.log", Time: Sat Jan 11 10:07:34 2020
[    45.714] (==) Using config directory: "/etc/X11/xorg.conf.d"
[    45.714] (==) Using system config directory "/usr/share/X11/xorg.conf.d"
[    45.716] (==) No Layout section.  Using the first Screen section.
[    45.716] (==) No screen section available. Using defaults.
[    45.716] (**) |-->Screen "Default Screen Section" (0)
[    45.716] (**) |   |-->Monitor "<default monitor>"
[    45.717] (==) No device specified for screen "Default Screen Section".
	Using the first device section listed.
[    45.717] (**) |   |-->Device "Intel Graphics"
[    45.717] (==) No monitor specified for screen "Default Screen Section".
	Using a default monitor configuration.
[    45.717] (==) Automatically adding devices
[    45.717] (==) Automatically enabling devices
[    45.717] (==) Automatically adding GPU devices
[    45.717] (==) Automatically binding GPU devices
[    45.717] (==) Max clients allowed: 256, resource mask: 0x1fffff
[    45.717] (WW) The directory "/usr/share/share/fonts/TTF/" does not exist.
[    45.717] 	Entry deleted from font path.
[    45.718] (WW) The directory "/usr/share/fonts/misc" does not exist.
[    45.718] 	Entry deleted from font path.
[    45.720] (WW) The directory "/usr/share/fonts/OTF" does not exist.
[    45.720] 	Entry deleted from font path.
[    45.720] (WW) The directory "/usr/share/fonts/Type1" does not exist.
[    45.720] 	Entry deleted from font path.
[    45.720] (WW) The directory "/usr/share/fonts/100dpi" does not exist.
[    45.720] 	Entry deleted from font path.
[    45.720] (WW) The directory "/usr/share/fonts/75dpi" does not exist.
[    45.720] 	Entry deleted from font path.
[    45.720] (**) FontPath set to:
	/usr/share/fonts/TTF
[    45.720] (==) ModulePath set to "/usr/lib/xorg/modules"
[    45.720] (II) The server relies on udev to provide the list of input devices.
	If no devices become available, reconfigure udev or disable AutoAddDevices.
[    45.720] (II) Module ABI versions:
[    45.720] 	X.Org ANSI C Emulation: 0.4
[    45.720] 	X.Org Video Driver: 24.0
[    45.720] 	X.Org XInput driver : 24.1
[    45.720] 	X.Org Server Extension : 10.0
[    45.721] (++) using VT number 1

[    45.724] (II) systemd-logind: took control of session /org/freedesktop/login1/session/_31
[    45.726] (II) xfree86: Adding drm device (/dev/dri/card0)
[    45.727] (II) systemd-logind: got fd for /dev/dri/card0 226:0 fd 10 paused 0
[    45.731] (--) PCI:*(0@0:2:0) 8086:0166:17aa:21fa rev 9, Mem @ 0xf0000000/4194304, 0xe0000000/268435456, I/O @ 0x00005000/64, BIOS @ 0x????????/131072
[    45.731] (WW) Open ACPI failed (/var/run/acpid.socket) (No such file or directory)
[    45.731] (II) LoadModule: "glx"
[    45.734] (II) Loading /usr/lib/xorg/modules/extensions/libglx.so
[    45.746] (II) Module glx: vendor="X.Org Foundation"
[    45.746] 	compiled for 1.20.6, module version = 1.0.0
[    45.746] 	ABI class: X.Org Server Extension, version 10.0
[    45.746] (II) LoadModule: "intel"
[    45.748] (II) Loading /usr/lib/xorg/modules/drivers/intel_drv.so
[    45.753] (II) Module intel: vendor="X.Org Foundation"
[    45.753] 	compiled for 1.20.6, module version = 2.99.917
[    45.753] 	Module class: X.Org Video Driver
[    45.753] 	ABI class: X.Org Video Driver, version 24.0
[    45.753] (II) intel: Driver for Intel(R) Integrated Graphics Chipsets:
	i810, i810-dc100, i810e, i815, i830M, 845G, 854, 852GM/855GM, 865G,
	915G, E7221 (i915), 915GM, 945G, 945GM, 945GME, Pineview GM,
	Pineview G, 965G, G35, 965Q, 946GZ, 965GM, 965GME/GLE, G33, Q35, Q33,
	GM45, 4 Series, G45/G43, Q45/Q43, G41, B43
[    45.753] (II) intel: Driver for Intel(R) HD Graphics
[    45.753] (II) intel: Driver for Intel(R) Iris(TM) Graphics
[    45.753] (II) intel: Driver for Intel(R) Iris(TM) Pro Graphics
[    45.753] xf86EnableIOPorts: failed to set IOPL for I/O (Operation not permitted)
[    45.754] (II) intel(0): Using Kernel Mode Setting driver: i915, version 1.6.0 20190822
[    45.754] (II) intel(0): SNA compiled from 2.99.917-899-gf66d3954
[    45.770] (WW) VGA arbiter: cannot open kernel arbiter, no multi-card support
[    45.771] (--) intel(0): Integrated Graphics Chipset: Intel(R) HD Graphics 4000
[    45.771] (--) intel(0): CPU: x86-64, sse2, sse3, ssse3, sse4.1, sse4.2, avx; using a maximum of 2 threads
[    45.771] (II) intel(0): Creating default Display subsection in Screen section
	"Default Screen Section" for depth/fbbpp 24/32
[    45.771] (==) intel(0): Depth 24, (--) framebuffer bpp 32
[    45.771] (==) intel(0): RGB weight 888
[    45.771] (==) intel(0): Default visual is TrueColor
[    45.771] (**) intel(0): Option "Backlight" "intel_backlight"
[    45.773] (II) intel(0): Output LVDS1 has no monitor section
[    45.774] (**) intel(0): Found backlight control interface intel_backlight (type 'raw') for output LVDS1
[    45.774] (II) intel(0): Enabled output LVDS1
[    45.774] (II) intel(0): Output VGA1 has no monitor section
[    45.774] (II) intel(0): Enabled output VGA1
[    45.774] (II) intel(0): Output HDMI1 has no monitor section
[    45.775] (II) intel(0): Enabled output HDMI1
[    45.775] (II) intel(0): Output DP1 has no monitor section
[    45.775] (II) intel(0): Enabled output DP1
[    45.775] (II) intel(0): Output HDMI2 has no monitor section
[    45.776] (II) intel(0): Enabled output HDMI2
[    45.776] (II) intel(0): Output HDMI3 has no monitor section
[    45.776] (II) intel(0): Enabled output HDMI3
[    45.776] (II) intel(0): Output DP2 has no monitor section
[    45.776] (II) intel(0): Enabled output DP2
[    45.776] (II) intel(0): Output DP3 has no monitor section
[    45.777] (II) intel(0): Enabled output DP3
[    45.777] (--) intel(0): Using a maximum size of 256x256 for hardware cursors
[    45.777] (II) intel(0): Output VIRTUAL1 has no monitor section
[    45.777] (II) intel(0): Enabled output VIRTUAL1
[    45.777] (--) intel(0): Output LVDS1 using initial mode 1366x768 on pipe 0
[    45.777] (==) intel(0): TearFree disabled
[    45.777] (==) intel(0): Using gamma correction (1.0, 1.0, 1.0)
[    45.777] (==) intel(0): DPI set to (96, 96)
[    45.777] (II) Loading sub module "dri3"
[    45.777] (II) LoadModule: "dri3"
[    45.777] (II) Module "dri3" already built-in
[    45.777] (II) Loading sub module "dri2"
[    45.777] (II) LoadModule: "dri2"
[    45.777] (II) Module "dri2" already built-in
[    45.777] (II) Loading sub module "present"
[    45.777] (II) LoadModule: "present"
[    45.778] (II) Module "present" already built-in
[    45.784] (II) intel(0): SNA initialized with Ivybridge (gen7, gt2) backend
[    45.784] (==) intel(0): Backing store enabled
[    45.784] (==) intel(0): Silken mouse disabled
[    45.784] (II) intel(0): HW Cursor enabled
[    45.786] (==) intel(0): DPMS enabled
[    45.786] (==) intel(0): Display hotplug detection enabled
[    45.787] (II) intel(0): [DRI2] Setup complete
[    45.787] (II) intel(0): [DRI2]   DRI driver: i965
[    45.787] (II) intel(0): [DRI2]   VDPAU driver: va_gl
[    45.787] (II) intel(0): direct rendering: DRI2 DRI3 enabled
[    45.787] (II) intel(0): hardware support for Present enabled
[    45.787] (II) Initializing extension Generic Event Extension
[    45.787] (II) Initializing extension SHAPE
[    45.787] (II) Initializing extension MIT-SHM
[    45.787] (II) Initializing extension XInputExtension
[    45.788] (II) Initializing extension XTEST
[    45.788] (II) Initializing extension BIG-REQUESTS
[    45.788] (II) Initializing extension SYNC
[    45.788] (II) Initializing extension XKEYBOARD
[    45.789] (II) Initializing extension XC-MISC
[    45.789] (II) Initializing extension SECURITY
[    45.789] (II) Initializing extension XFIXES
[    45.789] (II) Initializing extension RENDER
[    45.789] (II) Initializing extension RANDR
[    45.789] (II) Initializing extension COMPOSITE
[    45.789] (II) Initializing extension DAMAGE
[    45.789] (II) Initializing extension MIT-SCREEN-SAVER
[    45.789] (II) Initializing extension DOUBLE-BUFFER
[    45.789] (II) Initializing extension RECORD
[    45.789] (II) Initializing extension DPMS
[    45.789] (II) Initializing extension Present
[    45.789] (II) Initializing extension DRI3
[    45.789] (II) Initializing extension X-Resource
[    45.789] (II) Initializing extension XVideo
[    45.789] (II) Initializing extension XVideo-MotionCompensation
[    45.789] (II) Initializing extension GLX
[    45.850] (II) AIGLX: Loaded and initialized i965
[    45.850] (II) GLX: Initialized DRI2 GL provider for screen 0
[    45.850] (II) Initializing extension XFree86-VidModeExtension
[    45.850] (II) Initializing extension XFree86-DGA
[    45.850] (II) Initializing extension XFree86-DRI
[    45.850] (II) Initializing extension DRI2
[    45.855] (II) intel(0): switch to mode 1366x768@60.0 on LVDS1 using pipe 0, position (0, 0), rotation normal, reflection none
[    45.861] (II) intel(0): Setting screen physical size to 361 x 203
[    45.941] (II) config/udev: Adding input device Power Button (/dev/input/event2)
[    45.941] (**) Power Button: Applying InputClass "libinput keyboard catchall"
[    45.941] (II) LoadModule: "libinput"
[    45.941] (II) Loading /usr/lib/xorg/modules/input/libinput_drv.so
[    45.946] (II) Module libinput: vendor="X.Org Foundation"
[    45.946] 	compiled for 1.20.5, module version = 0.29.0
[    45.946] 	Module class: X.Org XInput Driver
[    45.946] 	ABI class: X.Org XInput driver, version 24.1
[    45.946] (II) Using input driver 'libinput' for 'Power Button'
[    45.947] (II) systemd-logind: got fd for /dev/input/event2 13:66 fd 15 paused 0
[    45.947] (**) Power Button: always reports core events
[    45.947] (**) Option "Device" "/dev/input/event2"
[    45.947] (**) Option "_source" "server/udev"
[    45.953] (II) event2  - Power Button: is tagged by udev as: Keyboard
[    45.954] (II) event2  - Power Button: device is a keyboard
[    45.954] (II) event2  - Power Button: device removed
[    45.954] (**) Option "config_info" "udev:/sys/devices/LNXSYSTM:00/LNXPWRBN:00/input/input2/event2"
[    45.954] (II) XINPUT: Adding extended input device "Power Button" (type: KEYBOARD, id 6)
[    45.954] (II) event2  - Power Button: is tagged by udev as: Keyboard
[    45.954] (II) event2  - Power Button: device is a keyboard
[    45.955] (II) config/udev: Adding input device Video Bus (/dev/input/event7)
[    45.955] (**) Video Bus: Applying InputClass "libinput keyboard catchall"
[    45.955] (II) Using input driver 'libinput' for 'Video Bus'
[    45.956] (II) systemd-logind: got fd for /dev/input/event7 13:71 fd 18 paused 0
[    45.956] (**) Video Bus: always reports core events
[    45.956] (**) Option "Device" "/dev/input/event7"
[    45.956] (**) Option "_source" "server/udev"
[    45.958] (II) event7  - Video Bus: is tagged by udev as: Keyboard
[    45.958] (II) event7  - Video Bus: device is a keyboard
[    45.958] (II) event7  - Video Bus: device removed
[    45.958] (**) Option "config_info" "udev:/sys/devices/LNXSYSTM:00/LNXSYBUS:00/PNP0A08:00/LNXVIDEO:00/input/input9/event7"
[    45.958] (II) XINPUT: Adding extended input device "Video Bus" (type: KEYBOARD, id 7)
[    45.960] (II) event7  - Video Bus: is tagged by udev as: Keyboard
[    45.960] (II) event7  - Video Bus: device is a keyboard
[    45.961] (II) config/udev: Adding input device Lid Switch (/dev/input/event0)
[    45.961] (II) No input driver specified, ignoring this device.
[    45.961] (II) This device may have been added with another device file.
[    45.962] (II) config/udev: Adding input device Sleep Button (/dev/input/event1)
[    45.962] (**) Sleep Button: Applying InputClass "libinput keyboard catchall"
[    45.962] (II) Using input driver 'libinput' for 'Sleep Button'
[    45.963] (II) systemd-logind: got fd for /dev/input/event1 13:65 fd 19 paused 0
[    45.963] (**) Sleep Button: always reports core events
[    45.963] (**) Option "Device" "/dev/input/event1"
[    45.963] (**) Option "_source" "server/udev"
[    45.964] (II) event1  - Sleep Button: is tagged by udev as: Keyboard
[    45.964] (II) event1  - Sleep Button: device is a keyboard
[    45.964] (II) event1  - Sleep Button: device removed
[    45.964] (**) Option "config_info" "udev:/sys/devices/LNXSYSTM:00/LNXSYBUS:00/PNP0C0E:00/input/input1/event1"
[    45.964] (II) XINPUT: Adding extended input device "Sleep Button" (type: KEYBOARD, id 8)
[    45.966] (II) event1  - Sleep Button: is tagged by udev as: Keyboard
[    45.966] (II) event1  - Sleep Button: device is a keyboard
[    45.967] (II) config/udev: Adding input device Integrated Camera: Integrated C (/dev/input/event6)
[    45.967] (**) Integrated Camera: Integrated C: Applying InputClass "libinput keyboard catchall"
[    45.967] (II) Using input driver 'libinput' for 'Integrated Camera: Integrated C'
[    45.968] (II) systemd-logind: got fd for /dev/input/event6 13:70 fd 20 paused 0
[    45.968] (**) Integrated Camera: Integrated C: always reports core events
[    45.968] (**) Option "Device" "/dev/input/event6"
[    45.968] (**) Option "_source" "server/udev"
[    45.970] (II) event6  - Integrated Camera: Integrated C: is tagged by udev as: Keyboard
[    45.970] (II) event6  - Integrated Camera: Integrated C: device is a keyboard
[    45.971] (II) event6  - Integrated Camera: Integrated C: device removed
[    45.971] (**) Option "config_info" "udev:/sys/devices/pci0000:00/0000:00:1a.0/usb1/1-1/1-1.6/1-1.6:1.0/input/input8/event6"
[    45.971] (II) XINPUT: Adding extended input device "Integrated Camera: Integrated C" (type: KEYBOARD, id 9)
[    45.973] (II) event6  - Integrated Camera: Integrated C: is tagged by udev as: Keyboard
[    45.973] (II) event6  - Integrated Camera: Integrated C: device is a keyboard
[    45.973] (II) config/udev: Adding input device HDA Digital PCBeep (/dev/input/event10)
[    45.973] (II) No input driver specified, ignoring this device.
[    45.973] (II) This device may have been added with another device file.
[    45.974] (II) config/udev: Adding input device HDA Intel PCH Mic (/dev/input/event11)
[    45.974] (II) No input driver specified, ignoring this device.
[    45.974] (II) This device may have been added with another device file.
[    45.974] (II) config/udev: Adding input device HDA Intel PCH Dock Mic (/dev/input/event12)
[    45.974] (II) No input driver specified, ignoring this device.
[    45.974] (II) This device may have been added with another device file.
[    45.975] (II) config/udev: Adding input device HDA Intel PCH Headphone (/dev/input/event13)
[    45.975] (II) No input driver specified, ignoring this device.
[    45.975] (II) This device may have been added with another device file.
[    45.975] (II) config/udev: Adding input device HDA Intel PCH Dock Headphone (/dev/input/event14)
[    45.975] (II) No input driver specified, ignoring this device.
[    45.975] (II) This device may have been added with another device file.
[    45.976] (II) config/udev: Adding input device HDA Intel PCH HDMI/DP,pcm=3 (/dev/input/event15)
[    45.976] (II) No input driver specified, ignoring this device.
[    45.976] (II) This device may have been added with another device file.
[    45.976] (II) config/udev: Adding input device HDA Intel PCH HDMI/DP,pcm=7 (/dev/input/event16)
[    45.976] (II) No input driver specified, ignoring this device.
[    45.976] (II) This device may have been added with another device file.
[    45.977] (II) config/udev: Adding input device HDA Intel PCH HDMI/DP,pcm=8 (/dev/input/event17)
[    45.977] (II) No input driver specified, ignoring this device.
[    45.977] (II) This device may have been added with another device file.
[    45.977] (II) config/udev: Adding input device AT Translated Set 2 keyboard (/dev/input/event3)
[    45.977] (**) AT Translated Set 2 keyboard: Applying InputClass "libinput keyboard catchall"
[    45.977] (II) Using input driver 'libinput' for 'AT Translated Set 2 keyboard'
[    45.978] (II) systemd-logind: got fd for /dev/input/event3 13:67 fd 21 paused 0
[    45.979] (**) AT Translated Set 2 keyboard: always reports core events
[    45.979] (**) Option "Device" "/dev/input/event3"
[    45.979] (**) Option "_source" "server/udev"
[    45.981] (II) event3  - AT Translated Set 2 keyboard: is tagged by udev as: Keyboard
[    45.981] (II) event3  - AT Translated Set 2 keyboard: device is a keyboard
[    45.982] (II) event3  - AT Translated Set 2 keyboard: device removed
[    45.982] (**) Option "config_info" "udev:/sys/devices/platform/i8042/serio0/input/input3/event3"
[    45.982] (II) XINPUT: Adding extended input device "AT Translated Set 2 keyboard" (type: KEYBOARD, id 10)
[    45.984] (II) event3  - AT Translated Set 2 keyboard: is tagged by udev as: Keyboard
[    45.984] (II) event3  - AT Translated Set 2 keyboard: device is a keyboard
[    45.986] (II) config/udev: Adding input device SynPS/2 Synaptics TouchPad (/dev/input/event8)
[    45.986] (**) SynPS/2 Synaptics TouchPad: Applying InputClass "libinput touchpad catchall"
[    45.986] (II) Using input driver 'libinput' for 'SynPS/2 Synaptics TouchPad'
[    45.987] (II) systemd-logind: got fd for /dev/input/event8 13:72 fd 22 paused 0
[    45.988] (**) SynPS/2 Synaptics TouchPad: always reports core events
[    45.988] (**) Option "Device" "/dev/input/event8"
[    45.988] (**) Option "_source" "server/udev"
[    45.990] (II) event8  - SynPS/2 Synaptics TouchPad: is tagged by udev as: Touchpad
[    45.992] (II) event8  - SynPS/2 Synaptics TouchPad: device is a touchpad
[    45.992] (II) event8  - SynPS/2 Synaptics TouchPad: device removed
[    45.992] (**) Option "config_info" "udev:/sys/devices/platform/i8042/serio1/input/input7/event8"
[    45.992] (II) XINPUT: Adding extended input device "SynPS/2 Synaptics TouchPad" (type: TOUCHPAD, id 11)
[    45.994] (**) Option "AccelerationScheme" "none"
[    45.994] (**) SynPS/2 Synaptics TouchPad: (accel) selected scheme none/0
[    45.994] (**) SynPS/2 Synaptics TouchPad: (accel) acceleration factor: 2.000
[    45.994] (**) SynPS/2 Synaptics TouchPad: (accel) acceleration threshold: 4
[    45.996] (II) event8  - SynPS/2 Synaptics TouchPad: is tagged by udev as: Touchpad
[    45.997] (II) event8  - SynPS/2 Synaptics TouchPad: device is a touchpad
[    45.998] (II) config/udev: Adding input device SynPS/2 Synaptics TouchPad (/dev/input/mouse0)
[    45.998] (II) No input driver specified, ignoring this device.
[    45.998] (II) This device may have been added with another device file.
[    45.998] (II) config/udev: Adding input device TPPS/2 IBM TrackPoint (/dev/input/event9)
[    45.998] (**) TPPS/2 IBM TrackPoint: Applying InputClass "libinput pointer catchall"
[    45.998] (II) Using input driver 'libinput' for 'TPPS/2 IBM TrackPoint'
[    45.999] (II) systemd-logind: got fd for /dev/input/event9 13:73 fd 23 paused 0
[    45.999] (**) TPPS/2 IBM TrackPoint: always reports core events
[    45.999] (**) Option "Device" "/dev/input/event9"
[    45.999] (**) Option "_source" "server/udev"
[    46.000] (II) event9  - TPPS/2 IBM TrackPoint: is tagged by udev as: Mouse Pointingstick
[    46.001] (II) event9  - TPPS/2 IBM TrackPoint: trackpoint multiplier is 0.25
[    46.001] (II) event9  - TPPS/2 IBM TrackPoint: device is a pointer
[    46.002] (II) event9  - TPPS/2 IBM TrackPoint: device removed
[    46.002] (**) Option "config_info" "udev:/sys/devices/platform/i8042/serio1/serio2/input/input10/event9"
[    46.002] (II) XINPUT: Adding extended input device "TPPS/2 IBM TrackPoint" (type: MOUSE, id 12)
[    46.002] (**) Option "AccelerationScheme" "none"
[    46.002] (**) TPPS/2 IBM TrackPoint: (accel) selected scheme none/0
[    46.002] (**) TPPS/2 IBM TrackPoint: (accel) acceleration factor: 2.000
[    46.002] (**) TPPS/2 IBM TrackPoint: (accel) acceleration threshold: 4
[    46.003] (II) event9  - TPPS/2 IBM TrackPoint: is tagged by udev as: Mouse Pointingstick
[    46.003] (II) event9  - TPPS/2 IBM TrackPoint: trackpoint multiplier is 0.25
[    46.003] (II) event9  - TPPS/2 IBM TrackPoint: device is a pointer
[    46.004] (II) config/udev: Adding input device TPPS/2 IBM TrackPoint (/dev/input/mouse1)
[    46.004] (II) No input driver specified, ignoring this device.
[    46.004] (II) This device may have been added with another device file.
[    46.005] (II) config/udev: Adding input device PC Speaker (/dev/input/event4)
[    46.005] (II) No input driver specified, ignoring this device.
[    46.005] (II) This device may have been added with another device file.
[    46.005] (II) config/udev: Adding input device ThinkPad Extra Buttons (/dev/input/event5)
[    46.005] (**) ThinkPad Extra Buttons: Applying InputClass "libinput keyboard catchall"
[    46.005] (II) Using input driver 'libinput' for 'ThinkPad Extra Buttons'
[    46.006] (II) systemd-logind: got fd for /dev/input/event5 13:69 fd 24 paused 0
[    46.006] (**) ThinkPad Extra Buttons: always reports core events
[    46.006] (**) Option "Device" "/dev/input/event5"
[    46.006] (**) Option "_source" "server/udev"
[    46.007] (II) event5  - ThinkPad Extra Buttons: is tagged by udev as: Keyboard Switch
[    46.008] (II) event5  - ThinkPad Extra Buttons: device is a keyboard
[    46.008] (II) event5  - ThinkPad Extra Buttons: device removed
[    46.008] (**) Option "config_info" "udev:/sys/devices/platform/thinkpad_acpi/input/input6/event5"
[    46.008] (II) XINPUT: Adding extended input device "ThinkPad Extra Buttons" (type: KEYBOARD, id 13)
[    46.010] (II) event5  - ThinkPad Extra Buttons: is tagged by udev as: Keyboard Switch
[    46.010] (II) event5  - ThinkPad Extra Buttons: device is a keyboard
[    47.786] (II) intel(0): EDID vendor "LGD", prod id 931
[    47.786] (II) intel(0): Printing DDC gathered Modelines:
[    47.787] (II) intel(0): Modeline "1366x768"x0.0   69.70  1366 1414 1446 1470  768 770 775 790 +hsync -vsync (47.4 kHz eP)
[  3152.225] (EE) client bug: timer event8 trackpoint: offset negative (-14ms)
